{"@timestamp":"2024-12-17T10:09:14.3761422+03:00","@version":"1","message":"HV000001: Hibernate Validator 8.0.1.Final","logger_name":"org.hibernate.validator.internal.util.Version","thread_name":"background-preinit","level":"INFO","level_value":20000}
{"@timestamp":"2024-12-17T10:09:14.4553185+03:00","@version":"1","message":"Starting TaskManagementSystemsApplication using Java 17.0.13 with PID 15340 (D:\\Training\\Projects\\task-management-systems\\build\\classes\\java\\main started by user in D:\\Training\\Projects\\task-management-systems)","logger_name":"com.example.taskmanagementsystems.TaskManagementSystemsApplication","thread_name":"main","level":"INFO","level_value":20000}
{"@timestamp":"2024-12-17T10:09:14.4573222+03:00","@version":"1","message":"No active profile set, falling back to 1 default profile: \"default\"","logger_name":"com.example.taskmanagementsystems.TaskManagementSystemsApplication","thread_name":"main","level":"INFO","level_value":20000}
{"@timestamp":"2024-12-17T10:09:16.5778709+03:00","@version":"1","message":"Bootstrapping Spring Data JPA repositories in DEFAULT mode.","logger_name":"org.springframework.data.repository.config.RepositoryConfigurationDelegate","thread_name":"main","level":"INFO","level_value":20000}
{"@timestamp":"2024-12-17T10:09:16.6778789+03:00","@version":"1","message":"Finished Spring Data repository scanning in 88 ms. Found 3 JPA repository interfaces.","logger_name":"org.springframework.data.repository.config.RepositoryConfigurationDelegate","thread_name":"main","level":"INFO","level_value":20000}
{"@timestamp":"2024-12-17T10:09:17.8355768+03:00","@version":"1","message":"Tomcat initialized with port 9898 (http)","logger_name":"org.springframework.boot.web.embedded.tomcat.TomcatWebServer","thread_name":"main","level":"INFO","level_value":20000}
{"@timestamp":"2024-12-17T10:09:17.8519652+03:00","@version":"1","message":"Initializing ProtocolHandler [\"http-nio-9898\"]","logger_name":"org.apache.coyote.http11.Http11NioProtocol","thread_name":"main","level":"INFO","level_value":20000}
{"@timestamp":"2024-12-17T10:09:17.8569615+03:00","@version":"1","message":"Starting service [Tomcat]","logger_name":"org.apache.catalina.core.StandardService","thread_name":"main","level":"INFO","level_value":20000}
{"@timestamp":"2024-12-17T10:09:17.8579633+03:00","@version":"1","message":"Starting Servlet engine: [Apache Tomcat/10.1.31]","logger_name":"org.apache.catalina.core.StandardEngine","thread_name":"main","level":"INFO","level_value":20000}
{"@timestamp":"2024-12-17T10:09:17.9574206+03:00","@version":"1","message":"Initializing Spring embedded WebApplicationContext","logger_name":"org.apache.catalina.core.ContainerBase.[Tomcat].[localhost].[/]","thread_name":"main","level":"INFO","level_value":20000}
{"@timestamp":"2024-12-17T10:09:17.9574206+03:00","@version":"1","message":"Root WebApplicationContext: initialization completed in 3437 ms","logger_name":"org.springframework.boot.web.servlet.context.ServletWebServerApplicationContext","thread_name":"main","level":"INFO","level_value":20000}
{"@timestamp":"2024-12-17T10:09:18.3185284+03:00","@version":"1","message":"HikariPool-1 - Starting...","logger_name":"com.zaxxer.hikari.HikariDataSource","thread_name":"main","level":"INFO","level_value":20000}
{"@timestamp":"2024-12-17T10:09:18.6122241+03:00","@version":"1","message":"HikariPool-1 - Added connection org.postgresql.jdbc.PgConnection@22ff11ef","logger_name":"com.zaxxer.hikari.pool.HikariPool","thread_name":"main","level":"INFO","level_value":20000}
{"@timestamp":"2024-12-17T10:09:18.6142221+03:00","@version":"1","message":"HikariPool-1 - Start completed.","logger_name":"com.zaxxer.hikari.HikariDataSource","thread_name":"main","level":"INFO","level_value":20000}
{"@timestamp":"2024-12-17T10:09:18.9667737+03:00","@version":"1","message":"Set default schema name to public","logger_name":"liquibase.database","thread_name":"main","level":"INFO","level_value":20000}
{"@timestamp":"2024-12-17T10:09:19.4056342+03:00","@version":"1","message":"Reading resource: db.changelog/20241117/create-refreshtoken-table.yaml","logger_name":"liquibase.changelog","thread_name":"main","level":"INFO","level_value":20000}
{"@timestamp":"2024-12-17T10:09:19.4316244+03:00","@version":"1","message":"Reading resource: db.changelog/20241117/create-tasks-table.yaml","logger_name":"liquibase.changelog","thread_name":"main","level":"INFO","level_value":20000}
{"@timestamp":"2024-12-17T10:09:19.4470336+03:00","@version":"1","message":"Reading resource: db.changelog/20241117/create-users-table.yaml","logger_name":"liquibase.changelog","thread_name":"main","level":"INFO","level_value":20000}
{"@timestamp":"2024-12-17T10:09:19.6272893+03:00","@version":"1","message":"Reading from public.databasechangelog","logger_name":"liquibase.changelog","thread_name":"main","level":"INFO","level_value":20000}
{"@timestamp":"2024-12-17T10:09:19.7201111+03:00","@version":"1","message":"Database is up to date, no changesets to execute","logger_name":"liquibase.ui","thread_name":"main","level":"INFO","level_value":20000}
{"@timestamp":"2024-12-17T10:09:19.72525+03:00","@version":"1","message":"Reading from public.databasechangelog","logger_name":"liquibase.changelog","thread_name":"main","level":"INFO","level_value":20000}
{"@timestamp":"2024-12-17T10:09:19.7463601+03:00","@version":"1","message":"UPDATE SUMMARY","logger_name":"liquibase.util","thread_name":"main","level":"INFO","level_value":20000}
{"@timestamp":"2024-12-17T10:09:19.7562309+03:00","@version":"1","message":"Run:                          0","logger_name":"liquibase.util","thread_name":"main","level":"INFO","level_value":20000}
{"@timestamp":"2024-12-17T10:09:19.7567984+03:00","@version":"1","message":"Previously run:               3","logger_name":"liquibase.util","thread_name":"main","level":"INFO","level_value":20000}
{"@timestamp":"2024-12-17T10:09:19.7578304+03:00","@version":"1","message":"Filtered out:                 0","logger_name":"liquibase.util","thread_name":"main","level":"INFO","level_value":20000}
{"@timestamp":"2024-12-17T10:09:19.7590543+03:00","@version":"1","message":"-------------------------------","logger_name":"liquibase.util","thread_name":"main","level":"INFO","level_value":20000}
{"@timestamp":"2024-12-17T10:09:19.7610757+03:00","@version":"1","message":"Total change sets:            3","logger_name":"liquibase.util","thread_name":"main","level":"INFO","level_value":20000}
{"@timestamp":"2024-12-17T10:09:19.7638327+03:00","@version":"1","message":"Update summary generated","logger_name":"liquibase.util","thread_name":"main","level":"INFO","level_value":20000}
{"@timestamp":"2024-12-17T10:09:19.8147639+03:00","@version":"1","message":"Successfully released change log lock","logger_name":"liquibase.lockservice","thread_name":"main","level":"INFO","level_value":20000}
{"@timestamp":"2024-12-17T10:09:19.816775+03:00","@version":"1","message":"Command execution complete","logger_name":"liquibase.command","thread_name":"main","level":"INFO","level_value":20000}
{"@timestamp":"2024-12-17T10:09:19.9753434+03:00","@version":"1","message":"HHH000204: Processing PersistenceUnitInfo [name: default]","logger_name":"org.hibernate.jpa.internal.util.LogHelper","thread_name":"main","level":"INFO","level_value":20000}
{"@timestamp":"2024-12-17T10:09:20.0795536+03:00","@version":"1","message":"HHH000412: Hibernate ORM core version 6.5.3.Final","logger_name":"org.hibernate.Version","thread_name":"main","level":"INFO","level_value":20000}
{"@timestamp":"2024-12-17T10:09:20.1492597+03:00","@version":"1","message":"HHH000026: Second-level cache disabled","logger_name":"org.hibernate.cache.internal.RegionFactoryInitiator","thread_name":"main","level":"INFO","level_value":20000}
{"@timestamp":"2024-12-17T10:09:20.590422+03:00","@version":"1","message":"No LoadTimeWeaver setup: ignoring JPA class transformer","logger_name":"org.springframework.orm.jpa.persistenceunit.SpringPersistenceUnitInfo","thread_name":"main","level":"INFO","level_value":20000}
{"@timestamp":"2024-12-17T10:09:22.0648944+03:00","@version":"1","message":"HHH000489: No JTA platform available (set 'hibernate.transaction.jta.platform' to enable JTA platform integration)","logger_name":"org.hibernate.engine.transaction.jta.platform.internal.JtaPlatformInitiator","thread_name":"main","level":"INFO","level_value":20000}
{"@timestamp":"2024-12-17T10:09:22.0688873+03:00","@version":"1","message":"Initialized JPA EntityManagerFactory for persistence unit 'default'","logger_name":"org.springframework.orm.jpa.LocalContainerEntityManagerFactoryBean","thread_name":"main","level":"INFO","level_value":20000}
{"@timestamp":"2024-12-17T10:09:22.8110722+03:00","@version":"1","message":"Global AuthenticationManager configured with UserDetailsService bean with name userDetailsServiceImpl","logger_name":"org.springframework.security.config.annotation.authentication.configuration.InitializeUserDetailsBeanManagerConfigurer$InitializeUserDetailsManagerConfigurer","thread_name":"main","level":"INFO","level_value":20000}
{"@timestamp":"2024-12-17T10:09:23.663351+03:00","@version":"1","message":"Exposing 1 endpoint beneath base path '/actuator'","logger_name":"org.springframework.boot.actuate.endpoint.web.EndpointLinksResolver","thread_name":"main","level":"INFO","level_value":20000}
{"@timestamp":"2024-12-17T10:09:24.6068516+03:00","@version":"1","message":"Starting ProtocolHandler [\"http-nio-9898\"]","logger_name":"org.apache.coyote.http11.Http11NioProtocol","thread_name":"main","level":"INFO","level_value":20000}
{"@timestamp":"2024-12-17T10:09:24.6323953+03:00","@version":"1","message":"Tomcat started on port 9898 (http) with context path '/'","logger_name":"org.springframework.boot.web.embedded.tomcat.TomcatWebServer","thread_name":"main","level":"INFO","level_value":20000}
{"@timestamp":"2024-12-17T10:09:24.6633914+03:00","@version":"1","message":"Started TaskManagementSystemsApplication in 11.127 seconds (process running for 13.737)","logger_name":"com.example.taskmanagementsystems.TaskManagementSystemsApplication","thread_name":"main","level":"INFO","level_value":20000}
{"@timestamp":"2024-12-17T10:09:25.2741593+03:00","@version":"1","message":"Initializing Spring DispatcherServlet 'dispatcherServlet'","logger_name":"org.apache.catalina.core.ContainerBase.[Tomcat].[localhost].[/]","thread_name":"RMI TCP Connection(1)-192.168.100.14","level":"INFO","level_value":20000}
{"@timestamp":"2024-12-17T10:09:25.2747041+03:00","@version":"1","message":"Initializing Servlet 'dispatcherServlet'","logger_name":"org.springframework.web.servlet.DispatcherServlet","thread_name":"RMI TCP Connection(1)-192.168.100.14","level":"INFO","level_value":20000}
{"@timestamp":"2024-12-17T10:09:25.2780919+03:00","@version":"1","message":"Completed initialization in 3 ms","logger_name":"org.springframework.web.servlet.DispatcherServlet","thread_name":"RMI TCP Connection(1)-192.168.100.14","level":"INFO","level_value":20000}
{"@timestamp":"2024-12-17T10:10:11.5127667+03:00","@version":"1","message":"Error occurred. Exception: BadRequestException. Message: User with email TestLog@mail.ru already registered","logger_name":"com.example.taskmanagementsystems.impl.exception.GlobalExceptionHandler","thread_name":"http-nio-9898-exec-1","level":"ERROR","level_value":40000}
{"@timestamp":"2024-12-17T10:10:21.9760257+03:00","@version":"1","message":"User with email 11TestLog@mail.ru created","logger_name":"com.example.taskmanagementsystems.impl.service.impl.AuthServiceImpl","thread_name":"http-nio-9898-exec-4","level":"INFO","level_value":20000}
{"@timestamp":"2024-12-17T10:21:06.5613601+03:00","@version":"1","message":"User with email 22TestLog@mail.ru created","logger_name":"com.example.taskmanagementsystems.impl.service.impl.AuthServiceImpl","thread_name":"http-nio-9898-exec-7","level":"INFO","level_value":20000}
{"@timestamp":"2024-12-17T10:23:17.3501895+03:00","@version":"1","message":"User with email 33TestLog@mail.ru created","logger_name":"com.example.taskmanagementsystems.impl.service.impl.AuthServiceImpl","thread_name":"http-nio-9898-exec-10","level":"INFO","level_value":20000}
{"@timestamp":"2024-12-17T10:25:42.0696489+03:00","@version":"1","message":"User with email 44TestLog@mail.ru created","logger_name":"com.example.taskmanagementsystems.impl.service.impl.AuthServiceImpl","thread_name":"http-nio-9898-exec-3","level":"INFO","level_value":20000}
{"@timestamp":"2024-12-17T10:26:29.1149749+03:00","@version":"1","message":"User with email 55TestLog@mail.ru created","logger_name":"com.example.taskmanagementsystems.impl.service.impl.AuthServiceImpl","thread_name":"http-nio-9898-exec-4","level":"INFO","level_value":20000}
{"@timestamp":"2024-12-17T10:26:59.5709607+03:00","@version":"1","message":"Error occurred. Exception: BadRequestException. Message: User with email 55TestLog@mail.ru already registered","logger_name":"com.example.taskmanagementsystems.impl.exception.GlobalExceptionHandler","thread_name":"http-nio-9898-exec-2","level":"ERROR","level_value":40000}
{"@timestamp":"2024-12-17T10:39:42.4180278+03:00","@version":"1","message":"Closing JPA EntityManagerFactory for persistence unit 'default'","logger_name":"org.springframework.orm.jpa.LocalContainerEntityManagerFactoryBean","thread_name":"SpringApplicationShutdownHook","level":"INFO","level_value":20000}
{"@timestamp":"2024-12-17T10:39:42.4256703+03:00","@version":"1","message":"HikariPool-1 - Shutdown initiated...","logger_name":"com.zaxxer.hikari.HikariDataSource","thread_name":"SpringApplicationShutdownHook","level":"INFO","level_value":20000}
{"@timestamp":"2024-12-17T10:39:42.459644+03:00","@version":"1","message":"HikariPool-1 - Shutdown completed.","logger_name":"com.zaxxer.hikari.HikariDataSource","thread_name":"SpringApplicationShutdownHook","level":"INFO","level_value":20000}
